#
# There is insufficient memory for the Java Runtime Environment to continue.
# Native memory allocation (malloc) failed to allocate 1155216 bytes. Error detail: Chunk::new
# Possible reasons:
#   The system is out of physical RAM or swap space
#   This process is running with CompressedOops enabled, and the Java Heap may be blocking the growth of the native heap
# Possible solutions:
#   Reduce memory load on the system
#   Increase physical memory or swap space
#   Check if swap backing store is full
#   Decrease Java heap size (-Xmx/-Xms)
#   Decrease number of Java threads
#   Decrease Java thread stack sizes (-Xss)
#   Set larger code cache with -XX:ReservedCodeCacheSize=
#   JVM is running with Unscaled Compressed Oops mode in which the Java heap is
#     placed in the first 4GB address space. The Java Heap base address is the
#     maximum limit for the native heap growth. Please use -XX:HeapBaseMinAddress
#     to set the Java Heap base and to place the Java Heap above 4GB virtual address.
# This output file may be truncated or incomplete.
#
#  Out of Memory Error (arena.cpp:191), pid=134460, tid=131144
#
# JRE version: OpenJDK Runtime Environment Corretto-17.0.12.7.1 (17.0.12+7) (build 17.0.12+7-LTS)
# Java VM: OpenJDK 64-Bit Server VM Corretto-17.0.12.7.1 (17.0.12+7-LTS, mixed mode, sharing, tiered, compressed oops, compressed class ptrs, g1 gc, windows-amd64)
# No core dump will be written. Minidumps are not enabled by default on client versions of Windows
#

---------------  S U M M A R Y ------------

Command Line: -Dmaven.multiModuleProjectDirectory=C:\Users\Olga\IdeaProjects\untitled25 -Djansi.passthrough=true -Dmaven.home=C:\Users\Olga\Pictures\IntelliJ IDEA Community Edition 2024.1.4\plugins\maven\lib\maven3 -Dclassworlds.conf=C:\Users\Olga\Pictures\IntelliJ IDEA Community Edition 2024.1.4\plugins\maven\lib\maven3\bin\m2.conf -Dmaven.ext.class.path=C:\Users\Olga\Pictures\IntelliJ IDEA Community Edition 2024.1.4\plugins\maven\lib\maven-event-listener.jar -javaagent:C:\Users\Olga\Pictures\IntelliJ IDEA Community Edition 2024.1.4\lib\idea_rt.jar=58828:C:\Users\Olga\Pictures\IntelliJ IDEA Community Edition 2024.1.4\bin -Dfile.encoding=UTF-8 org.codehaus.classworlds.Launcher -Didea.version=2024.1.4 package

Host: 11th Gen Intel(R) Core(TM) i5-1135G7 @ 2.40GHz, 8 cores, 7G,  Windows 10 , 64 bit Build 19041 (10.0.19041.4957)
Time: Sat Oct 26 12:46:43 2024 Russia TZ 2 Standard Time elapsed time: 3.709426 seconds (0d 0h 0m 3s)

---------------  T H R E A D  ---------------

Current thread (0x000002ae24edcb30):  JavaThread "C2 CompilerThread0" daemon [_thread_in_native, id=131144, stack(0x000000ea1de00000,0x000000ea1df00000)]


Current CompileTask:
C2:   3709 3914       4       org.codehaus.plexus.util.xml.pull.MXParser::parseAttribute (1429 bytes)

Stack: [0x000000ea1de00000,0x000000ea1df00000]
Native frames: (J=compiled Java code, j=interpreted, Vv=VM code, C=native code)
V  [jvm.dll+0x67f4f9]
V  [jvm.dll+0x836eaa]
V  [jvm.dll+0x83896e]
V  [jvm.dll+0x838fd3]
V  [jvm.dll+0x247f6f]
V  [jvm.dll+0xac9d4]
V  [jvm.dll+0xad01c]
V  [jvm.dll+0x367042]
V  [jvm.dll+0x33156a]
V  [jvm.dll+0x330a0a]
V  [jvm.dll+0x21a501]
V  [jvm.dll+0x219941]
V  [jvm.dll+0x1a57bd]
V  [jvm.dll+0x22966d]
V  [jvm.dll+0x22781c]
V  [jvm.dll+0x7ebec7]
V  [jvm.dll+0x7e62ac]
V  [jvm.dll+0x67e3c7]
C  [ucrtbase.dll+0x21bb2]
C  [KERNEL32.DLL+0x17374]
C  [ntdll.dll+0x4cc91]


---------------  P R O C E S S  ---------------

Threads class SMR info:
_java_thread_list=0x000002ae6a20d460, length=13, elements={
0x000002ae06bcc590, 0x000002ae24ebffe0, 0x000002ae24ec1340, 0x000002ae24ed3df0,
0x000002ae24ed68c0, 0x000002ae24ed9290, 0x000002ae24edae10, 0x000002ae24edcb30,
0x000002ae24eddff0, 0x000002ae24ee7770, 0x000002ae24ea5ce0, 0x000002ae6a215d60,
0x000002ae6a2105a0
}

Java Threads: ( => current thread )
  0x000002ae06bcc590 JavaThread "main" [_thread_in_native, id=120976, stack(0x000000ea1d100000,0x000000ea1d200000)]
  0x000002ae24ebffe0 JavaThread "Reference Handler" daemon [_thread_blocked, id=131780, stack(0x000000ea1d800000,0x000000ea1d900000)]
  0x000002ae24ec1340 JavaThread "Finalizer" daemon [_thread_blocked, id=123260, stack(0x000000ea1d900000,0x000000ea1da00000)]
  0x000002ae24ed3df0 JavaThread "Signal Dispatcher" daemon [_thread_blocked, id=50616, stack(0x000000ea1da00000,0x000000ea1db00000)]
  0x000002ae24ed68c0 JavaThread "Attach Listener" daemon [_thread_blocked, id=133852, stack(0x000000ea1db00000,0x000000ea1dc00000)]
  0x000002ae24ed9290 JavaThread "Service Thread" daemon [_thread_blocked, id=103764, stack(0x000000ea1dc00000,0x000000ea1dd00000)]
  0x000002ae24edae10 JavaThread "Monitor Deflation Thread" daemon [_thread_blocked, id=124260, stack(0x000000ea1dd00000,0x000000ea1de00000)]
=>0x000002ae24edcb30 JavaThread "C2 CompilerThread0" daemon [_thread_in_native, id=131144, stack(0x000000ea1de00000,0x000000ea1df00000)]
  0x000002ae24eddff0 JavaThread "C1 CompilerThread0" daemon [_thread_in_vm, id=54880, stack(0x000000ea1df00000,0x000000ea1e000000)]
  0x000002ae24ee7770 JavaThread "Sweeper thread" daemon [_thread_blocked, id=121972, stack(0x000000ea1e000000,0x000000ea1e100000)]
  0x000002ae24ea5ce0 JavaThread "Common-Cleaner" daemon [_thread_blocked, id=93452, stack(0x000000ea1e100000,0x000000ea1e200000)]
  0x000002ae6a215d60 JavaThread "Monitor Ctrl-Break" daemon [_thread_in_native, id=71976, stack(0x000000ea1e200000,0x000000ea1e300000)]
  0x000002ae6a2105a0 JavaThread "Notification Thread" daemon [_thread_blocked, id=133820, stack(0x000000ea1e300000,0x000000ea1e400000)]

Other Threads:
  0x000002ae24eba0d0 VMThread "VM Thread" [stack: 0x000000ea1d700000,0x000000ea1d800000] [id=122768]
  0x000002ae6a26e640 WatcherThread [stack: 0x000000ea1e400000,0x000000ea1e500000] [id=110728]
  0x000002ae06c26080 GCTaskThread "GC Thread#0" [stack: 0x000000ea1d200000,0x000000ea1d300000] [id=123496]
  0x000002ae6a6f36b0 GCTaskThread "GC Thread#1" [stack: 0x000000ea1e500000,0x000000ea1e600000] [id=70588]
  0x000002ae6a769180 GCTaskThread "GC Thread#2" [stack: 0x000000ea1e600000,0x000000ea1e700000] [id=114480]
  0x000002ae6ad810c0 GCTaskThread "GC Thread#3" [stack: 0x000000ea1e700000,0x000000ea1e800000] [id=130908]
  0x000002ae6ad81380 GCTaskThread "GC Thread#4" [stack: 0x000000ea1e800000,0x000000ea1e900000] [id=19976]
  0x000002ae6ad81640 GCTaskThread "GC Thread#5" [stack: 0x000000ea1e900000,0x000000ea1ea00000] [id=134172]
  0x000002ae6ad81900 GCTaskThread "GC Thread#6" [stack: 0x000000ea1ea00000,0x000000ea1eb00000] [id=118420]
  0x000002ae6ad82c70 GCTaskThread "GC Thread#7" [stack: 0x000000ea1eb00000,0x000000ea1ec00000] [id=52752]
  0x000002ae06c37130 ConcurrentGCThread "G1 Main Marker" [stack: 0x000000ea1d300000,0x000000ea1d400000] [id=125052]
  0x000002ae06c37b50 ConcurrentGCThread "G1 Conc#0" [stack: 0x000000ea1d400000,0x000000ea1d500000] [id=13236]
  0x000002ae24d724c0 ConcurrentGCThread "G1 Refine#0" [stack: 0x000000ea1d500000,0x000000ea1d600000] [id=117900]
  0x000002ae24d72ef0 ConcurrentGCThread "G1 Service" [stack: 0x000000ea1d600000,0x000000ea1d700000] [id=115176]

Threads with active compile tasks:
C2 CompilerThread0     3734 3914       4       org.codehaus.plexus.util.xml.pull.MXParser::parseAttribute (1429 bytes)

VM state: not at safepoint (normal execution)

VM Mutex/Monitor currently owned by a thread: None

Heap address: 0x0000000083200000, size: 1998 MB, Compressed Oops mode: 32-bit

CDS archive(s) mapped at: [0x000002ae25000000-0x000002ae25bb0000-0x000002ae25bb0000), size 12255232, SharedBaseAddress: 0x000002ae25000000, ArchiveRelocationMode: 1.
Compressed class space mapped at: 0x000002ae26000000-0x000002ae66000000, reserved size: 1073741824
Narrow klass base: 0x000002ae25000000, Narrow klass shift: 0, Narrow klass range: 0x100000000

GC Precious Log:
 CPUs: 8 total, 8 available
 Memory: 7991M
 Large Page Support: Disabled
 NUMA Support: Disabled
 Compressed Oops: Enabled (32-bit)
 Heap Region Size: 1M
 Heap Min Capacity: 8M
 Heap Initial Capacity: 126M
 Heap Max Capacity: 1998M
 Pre-touch: Disabled
 Parallel Workers: 8
 Concurrent Workers: 2
 Concurrent Refinement Workers: 8
 Periodic GC: Disabled

Heap:
 garbage-first heap   total 129024K, used 53176K [0x0000000083200000, 0x0000000100000000)
  region size 1024K, 18 young (18432K), 8 survivors (8192K)
 Metaspace       used 17355K, committed 17536K, reserved 1114112K
  class space    used 2022K, committed 2112K, reserved 1048576K

Heap Regions: E=young(eden), S=young(survivor), O=old, HS=humongous(starts), HC=humongous(continues), CS=collection set, F=free, OA=open archive, CA=closed archive, TAMS=top-at-mark-start (previous, next)
|   0|0x0000000083200000, 0x0000000083300000, 0x0000000083300000|100%| O|  |TAMS 0x0000000083200000, 0x0000000083200000| Untracked 
|   1|0x0000000083300000, 0x0000000083400000, 0x0000000083400000|100%| O|  |TAMS 0x0000000083300000, 0x0000000083300000| Untracked 
|   2|0x0000000083400000, 0x0000000083500000, 0x0000000083500000|100%| O|  |TAMS 0x0000000083400000, 0x0000000083400000| Untracked 
|   3|0x0000000083500000, 0x00000000835aa600, 0x0000000083600000| 66%| O|  |TAMS 0x0000000083500000, 0x0000000083500000| Untracked 
|   4|0x0000000083600000, 0x0000000083700000, 0x0000000083700000|100%|HS|  |TAMS 0x0000000083600000, 0x0000000083600000| Complete 
|   5|0x0000000083700000, 0x0000000083800000, 0x0000000083800000|100%|HC|  |TAMS 0x0000000083700000, 0x0000000083700000| Complete 
|   6|0x0000000083800000, 0x0000000083900000, 0x0000000083900000|100%|HC|  |TAMS 0x0000000083800000, 0x0000000083800000| Complete 
|   7|0x0000000083900000, 0x0000000083a00000, 0x0000000083a00000|100%|HC|  |TAMS 0x0000000083900000, 0x0000000083900000| Complete 
|   8|0x0000000083a00000, 0x0000000083b00000, 0x0000000083b00000|100%|HC|  |TAMS 0x0000000083a00000, 0x0000000083a00000| Complete 
|   9|0x0000000083b00000, 0x0000000083c00000, 0x0000000083c00000|100%|HC|  |TAMS 0x0000000083b00000, 0x0000000083b00000| Complete 
|  10|0x0000000083c00000, 0x0000000083d00000, 0x0000000083d00000|100%|HC|  |TAMS 0x0000000083c00000, 0x0000000083c00000| Complete 
|  11|0x0000000083d00000, 0x0000000083e00000, 0x0000000083e00000|100%|HC|  |TAMS 0x0000000083d00000, 0x0000000083d00000| Complete 
|  12|0x0000000083e00000, 0x0000000083f00000, 0x0000000083f00000|100%|HS|  |TAMS 0x0000000083e00000, 0x0000000083e00000| Complete 
|  13|0x0000000083f00000, 0x0000000084000000, 0x0000000084000000|100%|HC|  |TAMS 0x0000000083f00000, 0x0000000083f00000| Complete 
|  14|0x0000000084000000, 0x0000000084100000, 0x0000000084100000|100%|HC|  |TAMS 0x0000000084000000, 0x0000000084000000| Complete 
|  15|0x0000000084100000, 0x0000000084200000, 0x0000000084200000|100%|HC|  |TAMS 0x0000000084100000, 0x0000000084100000| Complete 
|  16|0x0000000084200000, 0x0000000084300000, 0x0000000084300000|100%|HC|  |TAMS 0x0000000084200000, 0x0000000084200000| Complete 
|  17|0x0000000084300000, 0x0000000084400000, 0x0000000084400000|100%|HC|  |TAMS 0x0000000084300000, 0x0000000084300000| Complete 
|  18|0x0000000084400000, 0x0000000084500000, 0x0000000084500000|100%|HC|  |TAMS 0x0000000084400000, 0x0000000084400000| Complete 
|  19|0x0000000084500000, 0x0000000084600000, 0x0000000084600000|100%|HC|  |TAMS 0x0000000084500000, 0x0000000084500000| Complete 
|  20|0x0000000084600000, 0x0000000084700000, 0x0000000084700000|100%|HC|  |TAMS 0x0000000084600000, 0x0000000084600000| Complete 
|  21|0x0000000084700000, 0x0000000084800000, 0x0000000084800000|100%|HC|  |TAMS 0x0000000084700000, 0x0000000084700000| Complete 
|  22|0x0000000084800000, 0x0000000084900000, 0x0000000084900000|100%|HC|  |TAMS 0x0000000084800000, 0x0000000084800000| Complete 
|  23|0x0000000084900000, 0x0000000084a00000, 0x0000000084a00000|100%|HC|  |TAMS 0x0000000084900000, 0x0000000084900000| Complete 
|  24|0x0000000084a00000, 0x0000000084b00000, 0x0000000084b00000|100%|HS|  |TAMS 0x0000000084a00000, 0x0000000084a00000| Complete 
|  25|0x0000000084b00000, 0x0000000084c00000, 0x0000000084c00000|100%|HC|  |TAMS 0x0000000084b00000, 0x0000000084b00000| Complete 
|  26|0x0000000084c00000, 0x0000000084d00000, 0x0000000084d00000|100%|HC|  |TAMS 0x0000000084c00000, 0x0000000084c00000| Complete 
|  27|0x0000000084d00000, 0x0000000084e00000, 0x0000000084e00000|100%|HC|  |TAMS 0x0000000084d00000, 0x0000000084d00000| Complete 
|  28|0x0000000084e00000, 0x0000000084f00000, 0x0000000084f00000|100%|HC|  |TAMS 0x0000000084e00000, 0x0000000084e00000| Complete 
|  29|0x0000000084f00000, 0x0000000085000000, 0x0000000085000000|100%|HC|  |TAMS 0x0000000084f00000, 0x0000000084f00000| Complete 
|  30|0x0000000085000000, 0x0000000085100000, 0x0000000085100000|100%|HC|  |TAMS 0x0000000085000000, 0x0000000085000000| Complete 
|  31|0x0000000085100000, 0x0000000085200000, 0x0000000085200000|100%|HC|  |TAMS 0x0000000085100000, 0x0000000085100000| Complete 
|  32|0x0000000085200000, 0x0000000085300000, 0x0000000085300000|100%|HC|  |TAMS 0x0000000085200000, 0x0000000085200000| Complete 
|  33|0x0000000085300000, 0x0000000085400000, 0x0000000085400000|100%|HC|  |TAMS 0x0000000085300000, 0x0000000085300000| Complete 
|  34|0x0000000085400000, 0x0000000085500000, 0x0000000085500000|100%|HC|  |TAMS 0x0000000085400000, 0x0000000085400000| Complete 
|  35|0x0000000085500000, 0x0000000085600000, 0x0000000085600000|100%|HC|  |TAMS 0x0000000085500000, 0x0000000085500000| Complete 
|  36|0x0000000085600000, 0x0000000085600000, 0x0000000085700000|  0%| F|  |TAMS 0x0000000085600000, 0x0000000085600000| Untracked 
|  37|0x0000000085700000, 0x0000000085700000, 0x0000000085800000|  0%| F|  |TAMS 0x0000000085700000, 0x0000000085700000| Untracked 
|  38|0x0000000085800000, 0x0000000085800000, 0x0000000085900000|  0%| F|  |TAMS 0x0000000085800000, 0x0000000085800000| Untracked 
|  39|0x0000000085900000, 0x0000000085900000, 0x0000000085a00000|  0%| F|  |TAMS 0x0000000085900000, 0x0000000085900000| Untracked 
|  40|0x0000000085a00000, 0x0000000085a00000, 0x0000000085b00000|  0%| F|  |TAMS 0x0000000085a00000, 0x0000000085a00000| Untracked 
|  41|0x0000000085b00000, 0x0000000085b00000, 0x0000000085c00000|  0%| F|  |TAMS 0x0000000085b00000, 0x0000000085b00000| Untracked 
|  42|0x0000000085c00000, 0x0000000085c00000, 0x0000000085d00000|  0%| F|  |TAMS 0x0000000085c00000, 0x0000000085c00000| Untracked 
|  43|0x0000000085d00000, 0x0000000085d43af0, 0x0000000085e00000| 26%| S|CS|TAMS 0x0000000085d00000, 0x0000000085d00000| Complete 
|  44|0x0000000085e00000, 0x0000000085f00000, 0x0000000085f00000|100%| S|CS|TAMS 0x0000000085e00000, 0x0000000085e00000| Complete 
|  45|0x0000000085f00000, 0x0000000086000000, 0x0000000086000000|100%| S|CS|TAMS 0x0000000085f00000, 0x0000000085f00000| Complete 
|  46|0x0000000086000000, 0x0000000086100000, 0x0000000086100000|100%| S|CS|TAMS 0x0000000086000000, 0x0000000086000000| Complete 
|  47|0x0000000086100000, 0x0000000086200000, 0x0000000086200000|100%| S|CS|TAMS 0x0000000086100000, 0x0000000086100000| Complete 
|  48|0x0000000086200000, 0x0000000086300000, 0x0000000086300000|100%| S|CS|TAMS 0x0000000086200000, 0x0000000086200000| Complete 
|  49|0x0000000086300000, 0x0000000086400000, 0x0000000086400000|100%| S|CS|TAMS 0x0000000086300000, 0x0000000086300000| Complete 
|  50|0x0000000086400000, 0x0000000086500000, 0x0000000086500000|100%| S|CS|TAMS 0x0000000086400000, 0x0000000086400000| Complete 
|  51|0x0000000086500000, 0x0000000086500000, 0x0000000086600000|  0%| F|  |TAMS 0x0000000086500000, 0x0000000086500000| Untracked 
|  52|0x0000000086600000, 0x0000000086600000, 0x0000000086700000|  0%| F|  |TAMS 0x0000000086600000, 0x0000000086600000| Untracked 
|  53|0x0000000086700000, 0x0000000086700000, 0x0000000086800000|  0%| F|  |TAMS 0x0000000086700000, 0x0000000086700000| Untracked 
|  54|0x0000000086800000, 0x0000000086800000, 0x0000000086900000|  0%| F|  |TAMS 0x0000000086800000, 0x0000000086800000| Untracked 
|  55|0x0000000086900000, 0x0000000086900000, 0x0000000086a00000|  0%| F|  |TAMS 0x0000000086900000, 0x0000000086900000| Untracked 
|  56|0x0000000086a00000, 0x0000000086a00000, 0x0000000086b00000|  0%| F|  |TAMS 0x0000000086a00000, 0x0000000086a00000| Untracked 
|  57|0x0000000086b00000, 0x0000000086b00000, 0x0000000086c00000|  0%| F|  |TAMS 0x0000000086b00000, 0x0000000086b00000| Untracked 
|  58|0x0000000086c00000, 0x0000000086c00000, 0x0000000086d00000|  0%| F|  |TAMS 0x0000000086c00000, 0x0000000086c00000| Untracked 
|  59|0x0000000086d00000, 0x0000000086d00000, 0x0000000086e00000|  0%| F|  |TAMS 0x0000000086d00000, 0x0000000086d00000| Untracked 
|  60|0x0000000086e00000, 0x0000000086e00000, 0x0000000086f00000|  0%| F|  |TAMS 0x0000000086e00000, 0x0000000086e00000| Untracked 
|  61|0x0000000086f00000, 0x0000000086f00000, 0x0000000087000000|  0%| F|  |TAMS 0x0000000086f00000, 0x0000000086f00000| Untracked 
|  62|0x0000000087000000, 0x0000000087000000, 0x0000000087100000|  0%| F|  |TAMS 0x0000000087000000, 0x0000000087000000| Untracked 
|  63|0x0000000087100000, 0x0000000087100000, 0x0000000087200000|  0%| F|  |TAMS 0x0000000087100000, 0x0000000087100000| Untracked 
|  64|0x0000000087200000, 0x0000000087200000, 0x0000000087300000|  0%| F|  |TAMS 0x0000000087200000, 0x0000000087200000| Untracked 
|  65|0x0000000087300000, 0x0000000087300000, 0x0000000087400000|  0%| F|  |TAMS 0x0000000087300000, 0x0000000087300000| Untracked 
|  66|0x0000000087400000, 0x0000000087400000, 0x0000000087500000|  0%| F|  |TAMS 0x0000000087400000, 0x0000000087400000| Untracked 
|  67|0x0000000087500000, 0x0000000087500000, 0x0000000087600000|  0%| F|  |TAMS 0x0000000087500000, 0x0000000087500000| Untracked 
|  68|0x0000000087600000, 0x0000000087600000, 0x0000000087700000|  0%| F|  |TAMS 0x0000000087600000, 0x0000000087600000| Untracked 
|  69|0x0000000087700000, 0x0000000087700000, 0x0000000087800000|  0%| F|  |TAMS 0x0000000087700000, 0x0000000087700000| Untracked 
|  70|0x0000000087800000, 0x0000000087800000, 0x0000000087900000|  0%| F|  |TAMS 0x0000000087800000, 0x0000000087800000| Untracked 
|  71|0x0000000087900000, 0x0000000087900000, 0x0000000087a00000|  0%| F|  |TAMS 0x0000000087900000, 0x0000000087900000| Untracked 
|  72|0x0000000087a00000, 0x0000000087a00000, 0x0000000087b00000|  0%| F|  |TAMS 0x0000000087a00000, 0x0000000087a00000| Untracked 
|  73|0x0000000087b00000, 0x0000000087b00000, 0x0000000087c00000|  0%| F|  |TAMS 0x0000000087b00000, 0x0000000087b00000| Untracked 
|  74|0x0000000087c00000, 0x0000000087c00000, 0x0000000087d00000|  0%| F|  |TAMS 0x0000000087c00000, 0x0000000087c00000| Untracked 
|  75|0x0000000087d00000, 0x0000000087d00000, 0x0000000087e00000|  0%| F|  |TAMS 0x0000000087d00000, 0x0000000087d00000| Untracked 
|  76|0x0000000087e00000, 0x0000000087e00000, 0x0000000087f00000|  0%| F|  |TAMS 0x0000000087e00000, 0x0000000087e00000| Untracked 
|  77|0x0000000087f00000, 0x0000000087f00000, 0x0000000088000000|  0%| F|  |TAMS 0x0000000087f00000, 0x0000000087f00000| Untracked 
|  78|0x0000000088000000, 0x0000000088000000, 0x0000000088100000|  0%| F|  |TAMS 0x0000000088000000, 0x0000000088000000| Untracked 
|  79|0x0000000088100000, 0x0000000088100000, 0x0000000088200000|  0%| F|  |TAMS 0x0000000088100000, 0x0000000088100000| Untracked 
|  80|0x0000000088200000, 0x0000000088200000, 0x0000000088300000|  0%| F|  |TAMS 0x0000000088200000, 0x0000000088200000| Untracked 
|  81|0x0000000088300000, 0x0000000088300000, 0x0000000088400000|  0%| F|  |TAMS 0x0000000088300000, 0x0000000088300000| Untracked 
|  82|0x0000000088400000, 0x0000000088400000, 0x0000000088500000|  0%| F|  |TAMS 0x0000000088400000, 0x0000000088400000| Untracked 
|  83|0x0000000088500000, 0x0000000088500000, 0x0000000088600000|  0%| F|  |TAMS 0x0000000088500000, 0x0000000088500000| Untracked 
|  84|0x0000000088600000, 0x0000000088600000, 0x0000000088700000|  0%| F|  |TAMS 0x0000000088600000, 0x0000000088600000| Untracked 
|  85|0x0000000088700000, 0x0000000088700000, 0x0000000088800000|  0%| F|  |TAMS 0x0000000088700000, 0x0000000088700000| Untracked 
|  86|0x0000000088800000, 0x0000000088800000, 0x0000000088900000|  0%| F|  |TAMS 0x0000000088800000, 0x0000000088800000| Untracked 
|  87|0x0000000088900000, 0x0000000088900000, 0x0000000088a00000|  0%| F|  |TAMS 0x0000000088900000, 0x0000000088900000| Untracked 
|  88|0x0000000088a00000, 0x0000000088a00000, 0x0000000088b00000|  0%| F|  |TAMS 0x0000000088a00000, 0x0000000088a00000| Untracked 
|  89|0x0000000088b00000, 0x0000000088b00000, 0x0000000088c00000|  0%| F|  |TAMS 0x0000000088b00000, 0x0000000088b00000| Untracked 
|  90|0x0000000088c00000, 0x0000000088c00000, 0x0000000088d00000|  0%| F|  |TAMS 0x0000000088c00000, 0x0000000088c00000| Untracked 
|  91|0x0000000088d00000, 0x0000000088d00000, 0x0000000088e00000|  0%| F|  |TAMS 0x0000000088d00000, 0x0000000088d00000| Untracked 
|  92|0x0000000088e00000, 0x0000000088e00000, 0x0000000088f00000|  0%| F|  |TAMS 0x0000000088e00000, 0x0000000088e00000| Untracked 
|  93|0x0000000088f00000, 0x0000000088f00000, 0x0000000089000000|  0%| F|  |TAMS 0x0000000088f00000, 0x0000000088f00000| Untracked 
|  94|0x0000000089000000, 0x0000000089000000, 0x0000000089100000|  0%| F|  |TAMS 0x0000000089000000, 0x0000000089000000| Untracked 
|  95|0x0000000089100000, 0x0000000089100000, 0x0000000089200000|  0%| F|  |TAMS 0x0000000089100000, 0x0000000089100000| Untracked 
|  96|0x0000000089200000, 0x0000000089200000, 0x0000000089300000|  0%| F|  |TAMS 0x0000000089200000, 0x0000000089200000| Untracked 
|  97|0x0000000089300000, 0x0000000089300000, 0x0000000089400000|  0%| F|  |TAMS 0x0000000089300000, 0x0000000089300000| Untracked 
|  98|0x0000000089400000, 0x0000000089400000, 0x0000000089500000|  0%| F|  |TAMS 0x0000000089400000, 0x0000000089400000| Untracked 
|  99|0x0000000089500000, 0x0000000089500000, 0x0000000089600000|  0%| F|  |TAMS 0x0000000089500000, 0x0000000089500000| Untracked 
| 100|0x0000000089600000, 0x0000000089600000, 0x0000000089700000|  0%| F|  |TAMS 0x0000000089600000, 0x0000000089600000| Untracked 
| 101|0x0000000089700000, 0x0000000089700000, 0x0000000089800000|  0%| F|  |TAMS 0x0000000089700000, 0x0000000089700000| Untracked 
| 102|0x0000000089800000, 0x0000000089800000, 0x0000000089900000|  0%| F|  |TAMS 0x0000000089800000, 0x0000000089800000| Untracked 
| 103|0x0000000089900000, 0x0000000089900000, 0x0000000089a00000|  0%| F|  |TAMS 0x0000000089900000, 0x0000000089900000| Untracked 
| 104|0x0000000089a00000, 0x0000000089a00000, 0x0000000089b00000|  0%| F|  |TAMS 0x0000000089a00000, 0x0000000089a00000| Untracked 
| 105|0x0000000089b00000, 0x0000000089b00000, 0x0000000089c00000|  0%| F|  |TAMS 0x0000000089b00000, 0x0000000089b00000| Untracked 
| 106|0x0000000089c00000, 0x0000000089c00000, 0x0000000089d00000|  0%| F|  |TAMS 0x0000000089c00000, 0x0000000089c00000| Untracked 
| 107|0x0000000089d00000, 0x0000000089d00000, 0x0000000089e00000|  0%| F|  |TAMS 0x0000000089d00000, 0x0000000089d00000| Untracked 
| 108|0x0000000089e00000, 0x0000000089e00000, 0x0000000089f00000|  0%| F|  |TAMS 0x0000000089e00000, 0x0000000089e00000| Untracked 
| 109|0x0000000089f00000, 0x0000000089f00000, 0x000000008a000000|  0%| F|  |TAMS 0x0000000089f00000, 0x0000000089f00000| Untracked 
| 110|0x000000008a000000, 0x000000008a000000, 0x000000008a100000|  0%| F|  |TAMS 0x000000008a000000, 0x000000008a000000| Untracked 
| 111|0x000000008a100000, 0x000000008a100000, 0x000000008a200000|  0%| F|  |TAMS 0x000000008a100000, 0x000000008a100000| Untracked 
| 112|0x000000008a200000, 0x000000008a200000, 0x000000008a300000|  0%| F|  |TAMS 0x000000008a200000, 0x000000008a200000| Untracked 
| 113|0x000000008a300000, 0x000000008a300000, 0x000000008a400000|  0%| F|  |TAMS 0x000000008a300000, 0x000000008a300000| Untracked 
| 114|0x000000008a400000, 0x000000008a400000, 0x000000008a500000|  0%| F|  |TAMS 0x000000008a400000, 0x000000008a400000| Untracked 
| 115|0x000000008a500000, 0x000000008a582010, 0x000000008a600000| 50%| E|  |TAMS 0x000000008a500000, 0x000000008a500000| Complete 
| 116|0x000000008a600000, 0x000000008a700000, 0x000000008a700000|100%| E|CS|TAMS 0x000000008a600000, 0x000000008a600000| Complete 
| 117|0x000000008a700000, 0x000000008a800000, 0x000000008a800000|100%| E|CS|TAMS 0x000000008a700000, 0x000000008a700000| Complete 
| 118|0x000000008a800000, 0x000000008a900000, 0x000000008a900000|100%| E|CS|TAMS 0x000000008a800000, 0x000000008a800000| Complete 
| 119|0x000000008a900000, 0x000000008aa00000, 0x000000008aa00000|100%| E|CS|TAMS 0x000000008a900000, 0x000000008a900000| Complete 
| 120|0x000000008aa00000, 0x000000008ab00000, 0x000000008ab00000|100%| E|CS|TAMS 0x000000008aa00000, 0x000000008aa00000| Complete 
| 121|0x000000008ab00000, 0x000000008ac00000, 0x000000008ac00000|100%| E|CS|TAMS 0x000000008ab00000, 0x000000008ab00000| Complete 
| 122|0x000000008ac00000, 0x000000008ad00000, 0x000000008ad00000|100%| E|CS|TAMS 0x000000008ac00000, 0x000000008ac00000| Complete 
| 123|0x000000008ad00000, 0x000000008ae00000, 0x000000008ae00000|100%| E|CS|TAMS 0x000000008ad00000, 0x000000008ad00000| Complete 
| 124|0x000000008ae00000, 0x000000008af00000, 0x000000008af00000|100%| E|CS|TAMS 0x000000008ae00000, 0x000000008ae00000| Complete 
| 125|0x000000008af00000, 0x000000008b000000, 0x000000008b000000|100%| E|CS|TAMS 0x000000008af00000, 0x000000008af00000| Complete 

Card table byte_map: [0x000002ae1de40000,0x000002ae1e230000] _byte_map_base: 0x000002ae1da27000

Marking Bits (Prev, Next): (CMBitMap*) 0x000002ae06c266a0, (CMBitMap*) 0x000002ae06c266e0
 Prev Bits: [0x000002ae1e620000, 0x000002ae20558000)
 Next Bits: [0x000002ae20560000, 0x000002ae22498000)

Polling page: 0x000002ae06390000

Metaspace:

Usage:
  Non-class:     14.98 MB used.
      Class:      1.98 MB used.
       Both:     16.95 MB used.

Virtual space:
  Non-class space:       64.00 MB reserved,      15.06 MB ( 24%) committed,  1 nodes.
      Class space:        1.00 GB reserved,       2.06 MB ( <1%) committed,  1 nodes.
             Both:        1.06 GB reserved,      17.12 MB (  2%) committed. 

Chunk freelists:
   Non-Class:  960.00 KB
       Class:  13.75 MB
        Both:  14.69 MB

MaxMetaspaceSize: unlimited
CompressedClassSpaceSize: 1.00 GB
Initial GC threshold: 21.00 MB
Current GC threshold: 21.00 MB
CDS: on
MetaspaceReclaimPolicy: balanced
 - commit_granule_bytes: 65536.
 - commit_granule_words: 8192.
 - virtual_space_node_default_size: 8388608.
 - enlarge_chunks_in_place: 1.
 - new_chunks_are_fully_committed: 0.
 - uncommit_free_chunks: 1.
 - use_allocation_guard: 0.
 - handle_deallocations: 1.


Internal statistics:

num_allocs_failed_limit: 0.
num_arena_births: 102.
num_arena_deaths: 0.
num_vsnodes_births: 2.
num_vsnodes_deaths: 0.
num_space_committed: 274.
num_space_uncommitted: 0.
num_chunks_returned_to_freelist: 0.
num_chunks_taken_from_freelist: 705.
num_chunk_merges: 0.
num_chunk_splits: 473.
num_chunks_enlarged: 378.
num_inconsistent_stats: 0.

CodeHeap 'non-profiled nmethods': size=120000Kb used=1704Kb max_used=1704Kb free=118295Kb
 bounds [0x000002ae161d0000, 0x000002ae16440000, 0x000002ae1d700000]
CodeHeap 'profiled nmethods': size=120000Kb used=8069Kb max_used=8069Kb free=111930Kb
 bounds [0x000002ae0e700000, 0x000002ae0eef0000, 0x000002ae15c30000]
CodeHeap 'non-nmethods': size=5760Kb used=1202Kb max_used=1233Kb free=4558Kb
 bounds [0x000002ae15c30000, 0x000002ae15ea0000, 0x000002ae161d0000]
 total_blobs=4439 nmethods=3957 adapters=394
 compilation: enabled
              stopped_count=0, restarted_count=0
 full_count=0

Compilation events (20 events):
Event: 3.685 Thread 0x000002ae24eddff0 3931       1       org.eclipse.aether.internal.impl.collect.DefaultDependencyCollectionContext::getDependency (5 bytes)
Event: 3.685 Thread 0x000002ae24eddff0 nmethod 3931 0x000002ae16378290 code [0x000002ae16378420, 0x000002ae163784f8]
Event: 3.686 Thread 0x000002ae24eddff0 3932       3       org.slf4j.impl.MavenSimpleLoggerFactory::getLogger (57 bytes)
Event: 3.686 Thread 0x000002ae24eddff0 nmethod 3932 0x000002ae0eecf010 code [0x000002ae0eecf200, 0x000002ae0eecf8a8]
Event: 3.696 Thread 0x000002ae24eddff0 3933       1       org.apache.maven.model.ActivationFile::getExists (5 bytes)
Event: 3.696 Thread 0x000002ae24eddff0 nmethod 3933 0x000002ae16378590 code [0x000002ae16378720, 0x000002ae163787f8]
Event: 3.701 Thread 0x000002ae24eddff0 3934       1       org.apache.maven.model.Organization::setName (6 bytes)
Event: 3.701 Thread 0x000002ae24eddff0 nmethod 3934 0x000002ae16378890 code [0x000002ae16378a20, 0x000002ae16378b38]
Event: 3.701 Thread 0x000002ae24eddff0 3935       1       org.apache.maven.model.Organization::setUrl (6 bytes)
Event: 3.701 Thread 0x000002ae24eddff0 nmethod 3935 0x000002ae16378b90 code [0x000002ae16378d20, 0x000002ae16378e38]
Event: 3.701 Thread 0x000002ae24eddff0 3936       1       org.apache.maven.model.DistributionManagement::getStatus (5 bytes)
Event: 3.701 Thread 0x000002ae24eddff0 nmethod 3936 0x000002ae16378e90 code [0x000002ae16379020, 0x000002ae163790f8]
Event: 3.702 Thread 0x000002ae24eddff0 3937       3       org.eclipse.aether.graph.Dependency::setArtifact (36 bytes)
Event: 3.702 Thread 0x000002ae24eddff0 nmethod 3937 0x000002ae0eecfa90 code [0x000002ae0eecfc60, 0x000002ae0eecff98]
Event: 3.702 Thread 0x000002ae24eddff0 3940       3       org.apache.maven.repository.internal.DefaultVersionResolver$Key::<init> (336 bytes)
Event: 3.703 Thread 0x000002ae24eddff0 nmethod 3940 0x000002ae0eed0110 code [0x000002ae0eed0480, 0x000002ae0eed1b88]
Event: 3.703 Thread 0x000002ae24eddff0 3939       3       org.eclipse.aether.internal.impl.collect.df.DfDependencyCollector::processDependency (28 bytes)
Event: 3.704 Thread 0x000002ae24eddff0 nmethod 3939 0x000002ae0eed2390 code [0x000002ae0eed2540, 0x000002ae0eed2748]
Event: 3.704 Thread 0x000002ae24eddff0 3938       1       java.util.Collections$EmptySet::isEmpty (2 bytes)
Event: 3.704 Thread 0x000002ae24eddff0 nmethod 3938 0x000002ae16379190 code [0x000002ae16379320, 0x000002ae163793f8]

GC Heap History (6 events):
Event: 1.003 GC heap before
{Heap before GC invocations=0 (full 0):
 garbage-first heap   total 129024K, used 23552K [0x0000000083200000, 0x0000000100000000)
  region size 1024K, 23 young (23552K), 0 survivors (0K)
 Metaspace       used 5881K, committed 6080K, reserved 1114112K
  class space    used 687K, committed 768K, reserved 1048576K
}
Event: 1.010 GC heap after
{Heap after GC invocations=1 (full 0):
 garbage-first heap   total 129024K, used 3854K [0x0000000083200000, 0x0000000100000000)
  region size 1024K, 3 young (3072K), 3 survivors (3072K)
 Metaspace       used 5881K, committed 6080K, reserved 1114112K
  class space    used 687K, committed 768K, reserved 1048576K
}
Event: 1.586 GC heap before
{Heap before GC invocations=1 (full 0):
 garbage-first heap   total 129024K, used 34574K [0x0000000083200000, 0x0000000100000000)
  region size 1024K, 33 young (33792K), 3 survivors (3072K)
 Metaspace       used 9762K, committed 9984K, reserved 1114112K
  class space    used 1153K, committed 1280K, reserved 1048576K
}
Event: 1.592 GC heap after
{Heap after GC invocations=2 (full 0):
 garbage-first heap   total 129024K, used 5801K [0x0000000083200000, 0x0000000100000000)
  region size 1024K, 2 young (2048K), 2 survivors (2048K)
 Metaspace       used 9762K, committed 9984K, reserved 1114112K
  class space    used 1153K, committed 1280K, reserved 1048576K
}
Event: 3.472 GC heap before
{Heap before GC invocations=2 (full 0):
 garbage-first heap   total 129024K, used 80553K [0x0000000083200000, 0x0000000100000000)
  region size 1024K, 75 young (76800K), 2 survivors (2048K)
 Metaspace       used 17089K, committed 17280K, reserved 1114112K
  class space    used 2001K, committed 2112K, reserved 1048576K
}
Event: 3.481 GC heap after
{Heap after GC invocations=3 (full 0):
 garbage-first heap   total 129024K, used 11192K [0x0000000083200000, 0x0000000100000000)
  region size 1024K, 8 young (8192K), 8 survivors (8192K)
 Metaspace       used 17089K, committed 17280K, reserved 1114112K
  class space    used 2001K, committed 2112K, reserved 1048576K
}

Dll operation events (12 events):
Event: 0.040 Loaded shared library C:\Users\Olga\.jdks\corretto-17.0.12\bin\java.dll
Event: 0.150 Loaded shared library C:\Users\Olga\.jdks\corretto-17.0.12\bin\jsvml.dll
Event: 0.227 Loaded shared library C:\Users\Olga\.jdks\corretto-17.0.12\bin\zip.dll
Event: 0.232 Loaded shared library C:\Users\Olga\.jdks\corretto-17.0.12\bin\instrument.dll
Event: 0.241 Loaded shared library C:\Users\Olga\.jdks\corretto-17.0.12\bin\net.dll
Event: 0.246 Loaded shared library C:\Users\Olga\.jdks\corretto-17.0.12\bin\nio.dll
Event: 0.250 Loaded shared library C:\Users\Olga\.jdks\corretto-17.0.12\bin\zip.dll
Event: 0.265 Loaded shared library C:\Users\Olga\Pictures\IntelliJ IDEA Community Edition 2024.1.4\bin\breakgen64.dll
Event: 0.287 Loaded shared library C:\Users\Olga\.jdks\corretto-17.0.12\bin\extnet.dll
Event: 0.429 Loaded shared library C:\Users\Olga\.jdks\corretto-17.0.12\bin\jimage.dll
Event: 0.462 Loaded shared library C:\Users\Olga\AppData\Local\Temp\jansi-2.4.0-644730c403e5169b-jansi.dll
Event: 0.476 Loaded shared library C:\Users\Olga\.jdks\corretto-17.0.12\bin\verify.dll

Deoptimization events (20 events):
Event: 3.429 Thread 0x000002ae06bcc590 Uncommon trap: trap_request=0xffffffc6 fr.pc=0x000002ae162ada20 relative=0x0000000000000080
Event: 3.429 Thread 0x000002ae06bcc590 Uncommon trap: reason=bimorphic_or_optimized_type_check action=maybe_recompile pc=0x000002ae162ada20 method=com.google.inject.internal.LinkedBindingImpl.acceptTargetVisitor(Lcom/google/inject/spi/BindingTargetVisitor;)Ljava/lang/Object; @ 2 c2
Event: 3.429 Thread 0x000002ae06bcc590 DEOPT PACKING pc=0x000002ae162ada20 sp=0x000000ea1d1fd140
Event: 3.429 Thread 0x000002ae06bcc590 DEOPT UNPACKING pc=0x000002ae15c8a1a3 sp=0x000000ea1d1fd0c8 mode 2
Event: 3.506 Thread 0x000002ae06bcc590 DEOPT PACKING pc=0x000002ae0ee5d094 sp=0x000000ea1d1fc970
Event: 3.506 Thread 0x000002ae06bcc590 DEOPT UNPACKING pc=0x000002ae15c8ace3 sp=0x000000ea1d1fbe08 mode 0
Event: 3.543 Thread 0x000002ae06bcc590 Uncommon trap: trap_request=0xffffff45 fr.pc=0x000002ae16277538 relative=0x0000000000000198
Event: 3.544 Thread 0x000002ae06bcc590 Uncommon trap: reason=unstable_if action=reinterpret pc=0x000002ae16277538 method=java.util.WeakHashMap.expungeStaleEntries()V @ 9 c2
Event: 3.544 Thread 0x000002ae06bcc590 DEOPT PACKING pc=0x000002ae16277538 sp=0x000000ea1d1fcf00
Event: 3.544 Thread 0x000002ae06bcc590 DEOPT UNPACKING pc=0x000002ae15c8a1a3 sp=0x000000ea1d1fce98 mode 2
Event: 3.544 Thread 0x000002ae06bcc590 Uncommon trap: trap_request=0xffffff45 fr.pc=0x000002ae1621b3dc relative=0x000000000000005c
Event: 3.544 Thread 0x000002ae06bcc590 Uncommon trap: reason=unstable_if action=reinterpret pc=0x000002ae1621b3dc method=java.lang.ref.ReferenceQueue.poll()Ljava/lang/ref/Reference; @ 4 c2
Event: 3.544 Thread 0x000002ae06bcc590 DEOPT PACKING pc=0x000002ae1621b3dc sp=0x000000ea1d1fce80
Event: 3.544 Thread 0x000002ae06bcc590 DEOPT UNPACKING pc=0x000002ae15c8a1a3 sp=0x000000ea1d1fce10 mode 2
Event: 3.637 Thread 0x000002ae06bcc590 DEOPT PACKING pc=0x000002ae0ec738b2 sp=0x000000ea1d1fbe70
Event: 3.637 Thread 0x000002ae06bcc590 DEOPT UNPACKING pc=0x000002ae15c8ace3 sp=0x000000ea1d1fb3a8 mode 0
Event: 3.666 Thread 0x000002ae06bcc590 Uncommon trap: trap_request=0xffffffde fr.pc=0x000002ae16217000 relative=0x0000000000000fe0
Event: 3.666 Thread 0x000002ae06bcc590 Uncommon trap: reason=class_check action=maybe_recompile pc=0x000002ae16217000 method=java.util.concurrent.ConcurrentHashMap.putVal(Ljava/lang/Object;Ljava/lang/Object;Z)Ljava/lang/Object; @ 242 c2
Event: 3.666 Thread 0x000002ae06bcc590 DEOPT PACKING pc=0x000002ae16217000 sp=0x000000ea1d1fcf80
Event: 3.666 Thread 0x000002ae06bcc590 DEOPT UNPACKING pc=0x000002ae15c8a1a3 sp=0x000000ea1d1fcef0 mode 2

Classes loaded (20 events):
Event: 3.422 Loading class org/w3c/dom/Node
Event: 3.422 Loading class org/w3c/dom/Node done
Event: 3.422 Loading class javax/xml/parsers/ParserConfigurationException
Event: 3.423 Loading class javax/xml/parsers/ParserConfigurationException done
Event: 3.423 Loading class org/xml/sax/SAXException
Event: 3.423 Loading class org/xml/sax/SAXException done
Event: 3.423 Loading class org/w3c/dom/Document
Event: 3.423 Loading class org/w3c/dom/Document done
Event: 3.423 Loading class org/w3c/dom/Element
Event: 3.423 Loading class org/w3c/dom/Element done
Event: 3.451 Loading class java/net/URISyntaxException
Event: 3.451 Loading class java/net/URISyntaxException done
Event: 3.457 Loading class jdk/internal/reflect/UnsafeBooleanFieldAccessorImpl
Event: 3.457 Loading class jdk/internal/reflect/UnsafeBooleanFieldAccessorImpl done
Event: 3.510 Loading class java/nio/BufferMismatch
Event: 3.510 Loading class java/nio/BufferMismatch done
Event: 3.510 Loading class java/nio/file/attribute/PosixFileAttributes
Event: 3.510 Loading class java/nio/file/attribute/PosixFileAttributes done
Event: 3.666 Loading class java/util/Collections$UnmodifiableList$1
Event: 3.666 Loading class java/util/Collections$UnmodifiableList$1 done

Classes unloaded (0 events):
No events

Classes redefined (0 events):
No events

Internal exceptions (20 events):
Event: 0.924 Thread 0x000002ae06bcc590 Exception <a 'java/lang/NoSuchMethodError'{0x0000000089dd3fe8}: 'int java.lang.invoke.DirectMethodHandle$Holder.invokeStaticInit(java.lang.Object, java.lang.Object)'> (0x0000000089dd3fe8) 
thrown [s\src\hotspot\share\interpreter\linkResolver.cpp, line 759]
Event: 0.936 Thread 0x000002ae06bcc590 Exception <a 'java/lang/NoClassDefFoundError'{0x0000000089c0f338}: javax/enterprise/inject/Typed> (0x0000000089c0f338) 
thrown [s\src\hotspot\share\classfile\systemDictionary.cpp, line 245]
Event: 1.788 Thread 0x000002ae06bcc590 Exception <a 'java/lang/NoSuchMethodError'{0x000000008a870bf8}: 'void java.lang.invoke.DirectMethodHandle$Holder.invokeStaticInit(java.lang.Object, java.lang.Object, java.lang.Object)'> (0x000000008a870bf8) 
thrown [s\src\hotspot\share\interpreter\linkResolver.cpp, line 759]
Event: 1.793 Thread 0x000002ae06bcc590 Exception <a 'java/lang/ExceptionInInitializerError'{0x000000008a89d0a8}> (0x000000008a89d0a8) 
thrown [s\src\hotspot\share\oops\instanceKlass.cpp, line 1218]
Event: 1.825 Thread 0x000002ae06bcc590 Implicit null exception at 0x000002ae1626692f to 0x000002ae16266a8c
Event: 1.828 Thread 0x000002ae06bcc590 Exception <a 'java/lang/NoSuchMethodError'{0x000000008a7b2ad0}: 'java.lang.Object java.lang.invoke.Invokers$Holder.invokeExact_MT(java.lang.Object, int, java.lang.Object)'> (0x000000008a7b2ad0) 
thrown [s\src\hotspot\share\interpreter\linkResolver.cpp, line 759]
Event: 1.840 Thread 0x000002ae06bcc590 Exception <a 'java/lang/NoSuchMethodError'{0x000000008a622920}: 'int java.lang.invoke.DirectMethodHandle$Holder.invokeSpecial(java.lang.Object, java.lang.Object, java.lang.Object, java.lang.Object)'> (0x000000008a622920) 
thrown [s\src\hotspot\share\interpreter\linkResolver.cpp, line 759]
Event: 2.189 Thread 0x000002ae06bcc590 Exception <a 'java/lang/NoClassDefFoundError'{0x0000000089e75d30}: com/google/inject/servlet/ServletModuleTargetVisitor> (0x0000000089e75d30) 
thrown [s\src\hotspot\share\classfile\systemDictionary.cpp, line 245]
Event: 2.288 Thread 0x000002ae06bcc590 Exception <a 'java/lang/NoSuchMethodError'{0x0000000089cfdbf8}: 'void java.lang.invoke.DirectMethodHandle$Holder.invokeVirtual(java.lang.Object, java.lang.Object)'> (0x0000000089cfdbf8) 
thrown [s\src\hotspot\share\interpreter\linkResolver.cpp, line 759]
Event: 2.324 Thread 0x000002ae06bcc590 Exception <a 'java/lang/NoSuchMethodError'{0x0000000089b85030}: 'java.lang.Object java.lang.invoke.DirectMethodHandle$Holder.invokeStaticInit(java.lang.Object, int, int, int, int)'> (0x0000000089b85030) 
thrown [s\src\hotspot\share\interpreter\linkResolver.cpp, line 759]
Event: 2.783 Thread 0x000002ae06bcc590 Implicit null exception at 0x000002ae161fedd8 to 0x000002ae161fee6e
Event: 2.788 Thread 0x000002ae06bcc590 Implicit null exception at 0x000002ae1627a0ec to 0x000002ae1627a2c4
Event: 2.797 Thread 0x000002ae06bcc590 Implicit null exception at 0x000002ae1626058f to 0x000002ae16260609
Event: 2.799 Thread 0x000002ae06bcc590 Implicit null exception at 0x000002ae16278e6c to 0x000002ae1627903c
Event: 3.232 Thread 0x000002ae06bcc590 Implicit null exception at 0x000002ae16330903 to 0x000002ae16330b9c
Event: 3.307 Thread 0x000002ae06bcc590 Exception <a 'java/lang/NoSuchMethodError'{0x0000000086f07ce8}: 'java.lang.Object java.lang.invoke.DirectMethodHandle$Holder.newInvokeSpecial(java.lang.Object, java.lang.Object, java.lang.Object, java.lang.Object, java.lang.Object, java.lang.Object, java.lang.Object)'> (0x0000000086f07ce8) 
thrown [s\src\hotspot\share\interpreter\linkResolver.cpp, line 759]
Event: 3.307 Thread 0x000002ae06bcc590 Exception <a 'java/lang/NoSuchMethodError'{0x0000000086f0c5f8}: 'java.lang.Object java.lang.invoke.Invokers$Holder.linkToTargetMethod(java.lang.Object, java.lang.Object, java.lang.Object, java.lang.Object, java.lang.Object, java.lang.Object, java.lang.Object)'> (0x0000000086f0c5f8) 
thrown [s\src\hotspot\share\interpreter\linkResolver.cpp, line 759]
Event: 3.441 Thread 0x000002ae06bcc590 Exception <a 'java/lang/NoSuchMethodError'{0x00000000867ea848}: 'java.lang.Object java.lang.invoke.DirectMethodHandle$Holder.invokeVirtual(java.lang.Object, java.lang.Object, java.lang.Object)'> (0x00000000867ea848) 
thrown [s\src\hotspot\share\interpreter\linkResolver.cpp, line 759]
Event: 3.442 Thread 0x000002ae06bcc590 Exception <a 'java/lang/NoSuchMethodError'{0x00000000867f1db0}: 'void java.lang.invoke.DirectMethodHandle$Holder.invokeSpecial(java.lang.Object, java.lang.Object, java.lang.Object, java.lang.Object, java.lang.Object, java.lang.Object)'> (0x00000000867f1db0) 
thrown [s\src\hotspot\share\interpreter\linkResolver.cpp, line 759]
Event: 3.443 Thread 0x000002ae06bcc590 Exception <a 'java/lang/NoSuchMethodError'{0x00000000867fd2f8}: 'int java.lang.invoke.DirectMethodHandle$Holder.invokeVirtual(java.lang.Object, java.lang.Object)'> (0x00000000867fd2f8) 
thrown [s\src\hotspot\share\interpreter\linkResolver.cpp, line 759]

VM Operations (20 events):
Event: 2.150 Executing VM operation: HandshakeAllThreads
Event: 2.150 Executing VM operation: HandshakeAllThreads done
Event: 2.304 Executing VM operation: HandshakeAllThreads
Event: 2.304 Executing VM operation: HandshakeAllThreads done
Event: 2.345 Executing VM operation: HandshakeAllThreads
Event: 2.345 Executing VM operation: HandshakeAllThreads done
Event: 2.425 Executing VM operation: HandshakeAllThreads
Event: 2.425 Executing VM operation: HandshakeAllThreads done
Event: 2.426 Executing VM operation: HandshakeAllThreads
Event: 2.426 Executing VM operation: HandshakeAllThreads done
Event: 2.488 Executing VM operation: ICBufferFull
Event: 2.488 Executing VM operation: ICBufferFull done
Event: 2.943 Executing VM operation: ICBufferFull
Event: 2.943 Executing VM operation: ICBufferFull done
Event: 3.193 Executing VM operation: HandshakeAllThreads
Event: 3.193 Executing VM operation: HandshakeAllThreads done
Event: 3.312 Executing VM operation: ICBufferFull
Event: 3.313 Executing VM operation: ICBufferFull done
Event: 3.472 Executing VM operation: G1CollectForAllocation
Event: 3.481 Executing VM operation: G1CollectForAllocation done

Events (13 events):
Event: 0.151 Thread 0x000002ae06bcc590 Thread added: 0x000002ae06bcc590
Event: 0.162 Thread 0x000002ae24ebffe0 Thread added: 0x000002ae24ebffe0
Event: 0.162 Thread 0x000002ae24ec1340 Thread added: 0x000002ae24ec1340
Event: 0.182 Thread 0x000002ae24ed3df0 Thread added: 0x000002ae24ed3df0
Event: 0.182 Thread 0x000002ae24ed68c0 Thread added: 0x000002ae24ed68c0
Event: 0.182 Thread 0x000002ae24ed9290 Thread added: 0x000002ae24ed9290
Event: 0.182 Thread 0x000002ae24edae10 Thread added: 0x000002ae24edae10
Event: 0.182 Thread 0x000002ae24edcb30 Thread added: 0x000002ae24edcb30
Event: 0.182 Thread 0x000002ae24eddff0 Thread added: 0x000002ae24eddff0
Event: 0.182 Thread 0x000002ae24ee7770 Thread added: 0x000002ae24ee7770
Event: 0.205 Thread 0x000002ae24ea5ce0 Thread added: 0x000002ae24ea5ce0
Event: 0.267 Thread 0x000002ae6a215d60 Thread added: 0x000002ae6a215d60
Event: 0.267 Thread 0x000002ae6a2105a0 Thread added: 0x000002ae6a2105a0


Dynamic libraries:
0x00007ff6c85a0000 - 0x00007ff6c85ae000 	C:\Users\Olga\.jdks\corretto-17.0.12\bin\java.exe
0x00007ffdc1ab0000 - 0x00007ffdc1ca8000 	C:\Windows\SYSTEM32\ntdll.dll
0x00007ffdc1710000 - 0x00007ffdc17d2000 	C:\Windows\System32\KERNEL32.DLL
0x00007ffdbf200000 - 0x00007ffdbf4fe000 	C:\Windows\System32\KERNELBASE.dll
0x00007ffdbf530000 - 0x00007ffdbf630000 	C:\Windows\System32\ucrtbase.dll
0x00007ffd99020000 - 0x00007ffd99037000 	C:\Users\Olga\.jdks\corretto-17.0.12\bin\jli.dll
0x00007ffd9d9b0000 - 0x00007ffd9d9cb000 	C:\Users\Olga\.jdks\corretto-17.0.12\bin\VCRUNTIME140.dll
0x00007ffdc0080000 - 0x00007ffdc021d000 	C:\Windows\System32\USER32.dll
0x00007ffdbfaa0000 - 0x00007ffdbfac2000 	C:\Windows\System32\win32u.dll
0x00007ffdc08d0000 - 0x00007ffdc08fb000 	C:\Windows\System32\GDI32.dll
0x00007ffdbf6d0000 - 0x00007ffdbf7e7000 	C:\Windows\System32\gdi32full.dll
0x00007ffdab700000 - 0x00007ffdab99a000 	C:\Windows\WinSxS\amd64_microsoft.windows.common-controls_6595b64144ccf1df_6.0.19041.4355_none_60b8b9eb71f62e16\COMCTL32.dll
0x00007ffdbf630000 - 0x00007ffdbf6cd000 	C:\Windows\System32\msvcp_win.dll
0x00007ffdc17e0000 - 0x00007ffdc187e000 	C:\Windows\System32\msvcrt.dll
0x00007ffdc14b0000 - 0x00007ffdc14df000 	C:\Windows\System32\IMM32.DLL
0x00007ffdbc380000 - 0x00007ffdbc38c000 	C:\Users\Olga\.jdks\corretto-17.0.12\bin\vcruntime140_1.dll
0x00007ffd79490000 - 0x00007ffd7951d000 	C:\Users\Olga\.jdks\corretto-17.0.12\bin\msvcp140.dll
0x00007ffd3fd20000 - 0x00007ffd4098a000 	C:\Users\Olga\.jdks\corretto-17.0.12\bin\server\jvm.dll
0x00007ffdbff60000 - 0x00007ffdc0012000 	C:\Windows\System32\ADVAPI32.dll
0x00007ffdc0900000 - 0x00007ffdc09a0000 	C:\Windows\System32\sechost.dll
0x00007ffdc0790000 - 0x00007ffdc08b3000 	C:\Windows\System32\RPCRT4.dll
0x00007ffdbf500000 - 0x00007ffdbf527000 	C:\Windows\System32\bcrypt.dll
0x00007ffdc1a00000 - 0x00007ffdc1a6b000 	C:\Windows\System32\WS2_32.dll
0x00007ffdbea90000 - 0x00007ffdbeadb000 	C:\Windows\SYSTEM32\POWRPROF.dll
0x00007ffda2620000 - 0x00007ffda2647000 	C:\Windows\SYSTEM32\WINMM.dll
0x00007ffdb74d0000 - 0x00007ffdb74da000 	C:\Windows\SYSTEM32\VERSION.dll
0x00007ffdbea70000 - 0x00007ffdbea82000 	C:\Windows\SYSTEM32\UMPDC.dll
0x00007ffdbd170000 - 0x00007ffdbd182000 	C:\Windows\SYSTEM32\kernel.appcore.dll
0x00007ffdab010000 - 0x00007ffdab01a000 	C:\Users\Olga\.jdks\corretto-17.0.12\bin\jimage.dll
0x00007ffdbcce0000 - 0x00007ffdbcec4000 	C:\Windows\SYSTEM32\DBGHELP.DLL
0x00007ffda73a0000 - 0x00007ffda73d4000 	C:\Windows\SYSTEM32\dbgcore.DLL
0x00007ffdbf7f0000 - 0x00007ffdbf872000 	C:\Windows\System32\bcryptPrimitives.dll
0x00007ffdaadb0000 - 0x00007ffdaadbe000 	C:\Users\Olga\.jdks\corretto-17.0.12\bin\instrument.dll
0x00007ffd927c0000 - 0x00007ffd927e5000 	C:\Users\Olga\.jdks\corretto-17.0.12\bin\java.dll
0x00007ffd77610000 - 0x00007ffd776e7000 	C:\Users\Olga\.jdks\corretto-17.0.12\bin\jsvml.dll
0x00007ffdc0ae0000 - 0x00007ffdc124f000 	C:\Windows\System32\SHELL32.dll
0x00007ffdbd190000 - 0x00007ffdbd934000 	C:\Windows\SYSTEM32\windows.storage.dll
0x00007ffdbfb30000 - 0x00007ffdbfe83000 	C:\Windows\System32\combase.dll
0x00007ffdbea30000 - 0x00007ffdbea5e000 	C:\Windows\SYSTEM32\Wldp.dll
0x00007ffdc1880000 - 0x00007ffdc194d000 	C:\Windows\System32\OLEAUT32.dll
0x00007ffdc1950000 - 0x00007ffdc19fd000 	C:\Windows\System32\SHCORE.dll
0x00007ffdbfad0000 - 0x00007ffdbfb25000 	C:\Windows\System32\shlwapi.dll
0x00007ffdbf080000 - 0x00007ffdbf0a4000 	C:\Windows\SYSTEM32\profapi.dll
0x00007ffd98fc0000 - 0x00007ffd98fd8000 	C:\Users\Olga\.jdks\corretto-17.0.12\bin\zip.dll
0x00007ffd92360000 - 0x00007ffd92379000 	C:\Users\Olga\.jdks\corretto-17.0.12\bin\net.dll
0x00007ffdbb330000 - 0x00007ffdbb43d000 	C:\Windows\SYSTEM32\WINHTTP.dll
0x00007ffdbe810000 - 0x00007ffdbe87a000 	C:\Windows\system32\mswsock.dll
0x00007ffd91660000 - 0x00007ffd91676000 	C:\Users\Olga\.jdks\corretto-17.0.12\bin\nio.dll
0x00007ffd90c60000 - 0x00007ffd90c7a000 	C:\Users\Olga\Pictures\IntelliJ IDEA Community Edition 2024.1.4\bin\breakgen64.dll
0x00007ffdaa130000 - 0x00007ffdaa139000 	C:\Users\Olga\.jdks\corretto-17.0.12\bin\extnet.dll
0x0000000069ac0000 - 0x0000000069ae4000 	C:\Users\Olga\AppData\Local\Temp\jansi-2.4.0-644730c403e5169b-jansi.dll
0x00007ffd99010000 - 0x00007ffd99020000 	C:\Users\Olga\.jdks\corretto-17.0.12\bin\verify.dll

dbghelp: loaded successfully - version: 4.0.5 - missing functions: none
symbol engine: initialized successfully - sym options: 0x614 - pdb path: .;C:\Users\Olga\.jdks\corretto-17.0.12\bin;C:\Windows\SYSTEM32;C:\Windows\WinSxS\amd64_microsoft.windows.common-controls_6595b64144ccf1df_6.0.19041.4355_none_60b8b9eb71f62e16;C:\Users\Olga\.jdks\corretto-17.0.12\bin\server;C:\Users\Olga\Pictures\IntelliJ IDEA Community Edition 2024.1.4\bin;C:\Users\Olga\AppData\Local\Temp

VM Arguments:
jvm_args: -Dmaven.multiModuleProjectDirectory=C:\Users\Olga\IdeaProjects\untitled25 -Djansi.passthrough=true -Dmaven.home=C:\Users\Olga\Pictures\IntelliJ IDEA Community Edition 2024.1.4\plugins\maven\lib\maven3 -Dclassworlds.conf=C:\Users\Olga\Pictures\IntelliJ IDEA Community Edition 2024.1.4\plugins\maven\lib\maven3\bin\m2.conf -Dmaven.ext.class.path=C:\Users\Olga\Pictures\IntelliJ IDEA Community Edition 2024.1.4\plugins\maven\lib\maven-event-listener.jar -javaagent:C:\Users\Olga\Pictures\IntelliJ IDEA Community Edition 2024.1.4\lib\idea_rt.jar=58828:C:\Users\Olga\Pictures\IntelliJ IDEA Community Edition 2024.1.4\bin -Dfile.encoding=UTF-8 
java_command: org.codehaus.classworlds.Launcher -Didea.version=2024.1.4 package
java_class_path (initial): C:\Users\Olga\Pictures\IntelliJ IDEA Community Edition 2024.1.4\plugins\maven\lib\maven3\boot\plexus-classworlds-2.7.0.jar;C:\Users\Olga\Pictures\IntelliJ IDEA Community Edition 2024.1.4\plugins\maven\lib\maven3\boot\plexus-classworlds.license
Launcher Type: SUN_STANDARD

[Global flags]
     intx CICompilerCount                          = 4                                         {product} {ergonomic}
     uint ConcGCThreads                            = 2                                         {product} {ergonomic}
     uint G1ConcRefinementThreads                  = 8                                         {product} {ergonomic}
   size_t G1HeapRegionSize                         = 1048576                                   {product} {ergonomic}
    uintx GCDrainStackTargetSize                   = 64                                        {product} {ergonomic}
   size_t InitialHeapSize                          = 132120576                                 {product} {ergonomic}
   size_t MarkStackSize                            = 4194304                                   {product} {ergonomic}
   size_t MaxHeapSize                              = 2095054848                                {product} {ergonomic}
   size_t MaxNewSize                               = 1256194048                                {product} {ergonomic}
   size_t MinHeapDeltaBytes                        = 1048576                                   {product} {ergonomic}
   size_t MinHeapSize                              = 8388608                                   {product} {ergonomic}
    uintx NonNMethodCodeHeapSize                   = 5839372                                {pd product} {ergonomic}
    uintx NonProfiledCodeHeapSize                  = 122909434                              {pd product} {ergonomic}
    uintx ProfiledCodeHeapSize                     = 122909434                              {pd product} {ergonomic}
    uintx ReservedCodeCacheSize                    = 251658240                              {pd product} {ergonomic}
     bool SegmentedCodeCache                       = true                                      {product} {ergonomic}
   size_t SoftMaxHeapSize                          = 2095054848                             {manageable} {ergonomic}
     bool UseCompressedClassPointers               = true                           {product lp64_product} {ergonomic}
     bool UseCompressedOops                        = true                           {product lp64_product} {ergonomic}
     bool UseG1GC                                  = true                                      {product} {ergonomic}
     bool UseLargePagesIndividualAllocation        = false                                  {pd product} {ergonomic}

Logging:
Log output configuration:
 #0: stdout all=warning uptime,level,tags
 #1: stderr all=off uptime,level,tags

Environment Variables:
PATH=C:\Program Files\Common Files\Oracle\Java\javapath;C:\Program Files (x86)\Common Files\Oracle\Java\java8path;C:\Program Files (x86)\Common Files\Oracle\Java\javapath;C:\Windows\system32;C:\Windows;C:\Windows\System32\Wbem;C:\Windows\System32\WindowsPowerShell\v1.0\;C:\Windows\System32\OpenSSH\;C:\Program Files\dotnet\;C:\Program Files (x86)\GtkSharp\2.12\bin;C:\Users\Olga\Music\lua-5.4.2_Win32_bin;search-ms:displayname=Search%20Results%20in%20Program%20Files%20(x86)&crumb=location:C%3A%5CProgram%20Files%20(x86)\lua;C:\Program Files (x86)\lua;C:\Program Files\nodejs\;C:\ProgramData\chocolatey\bin;C:\Program Files\Git\cmd;C:\Users\Olga\AppData\Local\Microsoft\WindowsApps;C:\Users\Olga\AppData\Local\Programs\Python\Python312\Scripts;search-ms:displayname=Search%20Results%20in%20Program%20Files&crumb=location:C%3A%5CProgram%20Files\PythonSoftwareFoundation.Python.3.11_3.11.2544.0_x64__qbz5n2kfra8p0;C:\php;C:\Program Files\JetBrains\IntelliJ IDEA Community Edition 2024.2.0.1\bin;C:\Program Files\JetBrains\PyCharm Community Edition 2024.1.4\bin;C:\Users\Olga\Music\lua-5.4.2_Win32_bin;C:\Users\Olga\.aftman\bin;C:\Users\Olga\AppData\Local\Muse Hub\lib;search-ms:displayname=Search%20Results%20in%20Program%20Files%20(x86)&crumb=location:C%3A%5CProgram%20Files%20(x86)\lua;C:\Users\Olga\AppData\Local\Muse Hub\lib;C:\Users\Olga\AppData\Local\Muse Hub\lib;C:\Program Files\JetBrains\CLion 2024.2.1\bin;;C:\Users\Olga\AppData\Roaming\npm;C:\Users\Olga\AppData\Local\Programs\Microsoft VS Code\bin;C:\Users\Olga\Pictures\IntelliJ IDEA Community Edition 2024.1.4\bin;
USERNAME=Olga
OS=Windows_NT
PROCESSOR_IDENTIFIER=Intel64 Family 6 Model 140 Stepping 1, GenuineIntel
TMP=C:\Users\Olga\AppData\Local\Temp
TEMP=C:\Users\Olga\AppData\Local\Temp



Periodic native trim disabled


---------------  S Y S T E M  ---------------

OS:
 Windows 10 , 64 bit Build 19041 (10.0.19041.4957)
OS uptime: 13 days 17:15 hours
Hyper-V role detected

CPU: total 8 (initial active 8) (4 cores per cpu, 2 threads per core) family 6 model 140 stepping 1 microcode 0x9a, cx8, cmov, fxsr, ht, mmx, 3dnowpref, sse, sse2, sse3, ssse3, sse4.1, sse4.2, popcnt, lzcnt, tsc, tscinvbit, avx, avx2, aes, erms, clmul, bmi1, bmi2, adx, avx512f, avx512dq, avx512cd, avx512bw, avx512vl, sha, fma, vzeroupper, avx512_vpopcntdq, avx512_vpclmulqdq, avx512_vaes, avx512_vnni, clflush, clflushopt, clwb, avx512_vbmi2, avx512_vbmi, hv
Processor Information for all 8 processors :
  Max Mhz: 2419, Current Mhz: 2419, Mhz Limit: 2419

Memory: 4k page, system-wide physical 7991M (203M free)
TotalPageFile size 32567M (AvailPageFile size 5M)
current process WorkingSet (physical memory assigned to process): 199M, peak: 199M
current process commit charge ("private bytes"): 253M, peak: 254M

vm_info: OpenJDK 64-Bit Server VM (17.0.12+7-LTS) for windows-amd64 JRE (17.0.12+7-LTS), built on Jul 10 2024 20:46:33 by "Administrator" with MS VC++ 16.10 / 16.11 (VS2019)

END.
