#
# There is insufficient memory for the Java Runtime Environment to continue.
# Native memory allocation (mmap) failed to map 132120576 bytes. Error detail: G1 virtual space
# Possible reasons:
#   The system is out of physical RAM or swap space
#   This process is running with CompressedOops enabled, and the Java Heap may be blocking the growth of the native heap
# Possible solutions:
#   Reduce memory load on the system
#   Increase physical memory or swap space
#   Check if swap backing store is full
#   Decrease Java heap size (-Xmx/-Xms)
#   Decrease number of Java threads
#   Decrease Java thread stack sizes (-Xss)
#   Set larger code cache with -XX:ReservedCodeCacheSize=
#   JVM is running with Unscaled Compressed Oops mode in which the Java heap is
#     placed in the first 4GB address space. The Java Heap base address is the
#     maximum limit for the native heap growth. Please use -XX:HeapBaseMinAddress
#     to set the Java Heap base and to place the Java Heap above 4GB virtual address.
# This output file may be truncated or incomplete.
#
#  Out of Memory Error (os_windows.cpp:3613), pid=131164, tid=67848
#
# JRE version:  (17.0.12+7) (build )
# Java VM: OpenJDK 64-Bit Server VM (17.0.12+7-LTS, mixed mode, sharing, tiered, compressed oops, compressed class ptrs, g1 gc, windows-amd64)
# No core dump will be written. Minidumps are not enabled by default on client versions of Windows
#

---------------  S U M M A R Y ------------

Command Line: -Dmaven.multiModuleProjectDirectory=C:\Users\Olga\IdeaProjects\untitled25 -Djansi.passthrough=true -Dmaven.home=C:\Users\Olga\Pictures\IntelliJ IDEA Community Edition 2024.1.4\plugins\maven\lib\maven3 -Dclassworlds.conf=C:\Users\Olga\Pictures\IntelliJ IDEA Community Edition 2024.1.4\plugins\maven\lib\maven3\bin\m2.conf -Dmaven.ext.class.path=C:\Users\Olga\Pictures\IntelliJ IDEA Community Edition 2024.1.4\plugins\maven\lib\maven-event-listener.jar -javaagent:C:\Users\Olga\Pictures\IntelliJ IDEA Community Edition 2024.1.4\lib\idea_rt.jar=58868:C:\Users\Olga\Pictures\IntelliJ IDEA Community Edition 2024.1.4\bin -Dfile.encoding=UTF-8 org.codehaus.classworlds.Launcher -Didea.version=2024.1.4 package

Host: 11th Gen Intel(R) Core(TM) i5-1135G7 @ 2.40GHz, 8 cores, 7G,  Windows 10 , 64 bit Build 19041 (10.0.19041.4957)
Time: Sat Oct 26 12:47:17 2024 Russia TZ 2 Standard Time elapsed time: 0.135962 seconds (0d 0h 0m 0s)

---------------  T H R E A D  ---------------

Current thread (0x000001af524f2390):  JavaThread "Unknown thread" [_thread_in_vm, id=67848, stack(0x000000176f300000,0x000000176f400000)]

Stack: [0x000000176f300000,0x000000176f400000]
Native frames: (J=compiled Java code, j=interpreted, Vv=VM code, C=native code)
V  [jvm.dll+0x67f4f9]
V  [jvm.dll+0x836eaa]
V  [jvm.dll+0x83896e]
V  [jvm.dll+0x838fd3]
V  [jvm.dll+0x247f6f]
V  [jvm.dll+0x67c2b9]
V  [jvm.dll+0x670d7a]
V  [jvm.dll+0x307b5b]
V  [jvm.dll+0x30f046]
V  [jvm.dll+0x35f22e]
V  [jvm.dll+0x35f46f]
V  [jvm.dll+0x2deb7c]
V  [jvm.dll+0x2dfad4]
V  [jvm.dll+0x80870b]
V  [jvm.dll+0x36cfa1]
V  [jvm.dll+0x7e70f5]
V  [jvm.dll+0x3f0adf]
V  [jvm.dll+0x3f2631]
C  [jli.dll+0x528f]
C  [ucrtbase.dll+0x21bb2]
C  [KERNEL32.DLL+0x17374]
C  [ntdll.dll+0x4cc91]


---------------  P R O C E S S  ---------------

Threads class SMR info:
_java_thread_list=0x00007ffd40856f18, length=0, elements={
}

Java Threads: ( => current thread )

Other Threads:
  0x000001af52545f10 GCTaskThread "GC Thread#0" [stack: 0x000000176f400000,0x000000176f500000] [id=39284]
  0x000001af52556730 ConcurrentGCThread "G1 Main Marker" [stack: 0x000000176f500000,0x000000176f600000] [id=111696]
  0x000001af52557060 ConcurrentGCThread "G1 Conc#0" [stack: 0x000000176f600000,0x000000176f700000] [id=122320]

[error occurred during error reporting (printing all threads), id 0xc0000005, EXCEPTION_ACCESS_VIOLATION (0xc0000005) at pc=0x00007ffd4000f277]

VM state: not at safepoint (not fully initialized)

VM Mutex/Monitor currently owned by a thread:  ([mutex/lock_event])
[0x000001af524ee2b0] Heap_lock - owner thread: 0x000001af524f2390

Heap address: 0x0000000083200000, size: 1998 MB, Compressed Oops mode: 32-bit

CDS archive(s) mapped at: [0x0000000000000000-0x0000000000000000-0x0000000000000000), size 0, SharedBaseAddress: 0x0000000800000000, ArchiveRelocationMode: 1.
Narrow klass base: 0x0000000000000000, Narrow klass shift: 0, Narrow klass range: 0x0

GC Precious Log:
<Empty>

Heap:
 garbage-first heap   total 0K, used 0K [0x0000000083200000, 0x0000000100000000)
  region size 1024K, 0 young (0K), 0 survivors (0K)

[error occurred during error reporting (printing heap information), id 0xc0000005, EXCEPTION_ACCESS_VIOLATION (0xc0000005) at pc=0x00007ffd403f8829]

GC Heap History (0 events):
No events

Dll operation events (1 events):
Event: 0.126 Loaded shared library C:\Users\Olga\.jdks\corretto-17.0.12\bin\java.dll

Deoptimization events (0 events):
No events

Classes loaded (0 events):
No events

Classes unloaded (0 events):
No events

Classes redefined (0 events):
No events

Internal exceptions (0 events):
No events

VM Operations (0 events):
No events

Events (0 events):
No events


Dynamic libraries:
0x00007ff760210000 - 0x00007ff76021e000 	C:\Users\Olga\.jdks\corretto-17.0.12\bin\java.exe
0x00007ffdc1ab0000 - 0x00007ffdc1ca8000 	C:\Windows\SYSTEM32\ntdll.dll
0x00007ffdc1710000 - 0x00007ffdc17d2000 	C:\Windows\System32\KERNEL32.DLL
0x00007ffdbf200000 - 0x00007ffdbf4fe000 	C:\Windows\System32\KERNELBASE.dll
0x00007ffdbf530000 - 0x00007ffdbf630000 	C:\Windows\System32\ucrtbase.dll
0x00007ffdb4bc0000 - 0x00007ffdb4bd7000 	C:\Users\Olga\.jdks\corretto-17.0.12\bin\jli.dll
0x00007ffdc0080000 - 0x00007ffdc021d000 	C:\Windows\System32\USER32.dll
0x00007ffdbfaa0000 - 0x00007ffdbfac2000 	C:\Windows\System32\win32u.dll
0x00007ffdc08d0000 - 0x00007ffdc08fb000 	C:\Windows\System32\GDI32.dll
0x00007ffdbf6d0000 - 0x00007ffdbf7e7000 	C:\Windows\System32\gdi32full.dll
0x00007ffdbf630000 - 0x00007ffdbf6cd000 	C:\Windows\System32\msvcp_win.dll
0x00007ffdab700000 - 0x00007ffdab99a000 	C:\Windows\WinSxS\amd64_microsoft.windows.common-controls_6595b64144ccf1df_6.0.19041.4355_none_60b8b9eb71f62e16\COMCTL32.dll
0x00007ffdc17e0000 - 0x00007ffdc187e000 	C:\Windows\System32\msvcrt.dll
0x00007ffd99040000 - 0x00007ffd9905b000 	C:\Users\Olga\.jdks\corretto-17.0.12\bin\VCRUNTIME140.dll
0x00007ffdc14b0000 - 0x00007ffdc14df000 	C:\Windows\System32\IMM32.DLL
0x00007ffdb4bf0000 - 0x00007ffdb4bfc000 	C:\Users\Olga\.jdks\corretto-17.0.12\bin\vcruntime140_1.dll
0x00007ffd7d4a0000 - 0x00007ffd7d52d000 	C:\Users\Olga\.jdks\corretto-17.0.12\bin\msvcp140.dll
0x00007ffd3fd20000 - 0x00007ffd4098a000 	C:\Users\Olga\.jdks\corretto-17.0.12\bin\server\jvm.dll
0x00007ffdbff60000 - 0x00007ffdc0012000 	C:\Windows\System32\ADVAPI32.dll
0x00007ffdc0900000 - 0x00007ffdc09a0000 	C:\Windows\System32\sechost.dll
0x00007ffdc0790000 - 0x00007ffdc08b3000 	C:\Windows\System32\RPCRT4.dll
0x00007ffdbf500000 - 0x00007ffdbf527000 	C:\Windows\System32\bcrypt.dll
0x00007ffdc1a00000 - 0x00007ffdc1a6b000 	C:\Windows\System32\WS2_32.dll
0x00007ffdbea90000 - 0x00007ffdbeadb000 	C:\Windows\SYSTEM32\POWRPROF.dll
0x00007ffdb74d0000 - 0x00007ffdb74da000 	C:\Windows\SYSTEM32\VERSION.dll
0x00007ffda2620000 - 0x00007ffda2647000 	C:\Windows\SYSTEM32\WINMM.dll
0x00007ffdbea70000 - 0x00007ffdbea82000 	C:\Windows\SYSTEM32\UMPDC.dll
0x00007ffdbd170000 - 0x00007ffdbd182000 	C:\Windows\SYSTEM32\kernel.appcore.dll
0x00007ffd9e4d0000 - 0x00007ffd9e4da000 	C:\Users\Olga\.jdks\corretto-17.0.12\bin\jimage.dll
0x00007ffdbcce0000 - 0x00007ffdbcec4000 	C:\Windows\SYSTEM32\DBGHELP.DLL
0x00007ffda73a0000 - 0x00007ffda73d4000 	C:\Windows\SYSTEM32\dbgcore.DLL
0x00007ffdbf7f0000 - 0x00007ffdbf872000 	C:\Windows\System32\bcryptPrimitives.dll
0x00007ffd9c440000 - 0x00007ffd9c44e000 	C:\Users\Olga\.jdks\corretto-17.0.12\bin\instrument.dll
0x00007ffd91650000 - 0x00007ffd91675000 	C:\Users\Olga\.jdks\corretto-17.0.12\bin\java.dll

dbghelp: loaded successfully - version: 4.0.5 - missing functions: none
symbol engine: initialized successfully - sym options: 0x614 - pdb path: .;C:\Users\Olga\.jdks\corretto-17.0.12\bin;C:\Windows\SYSTEM32;C:\Windows\WinSxS\amd64_microsoft.windows.common-controls_6595b64144ccf1df_6.0.19041.4355_none_60b8b9eb71f62e16;C:\Users\Olga\.jdks\corretto-17.0.12\bin\server

VM Arguments:
jvm_args: -Dmaven.multiModuleProjectDirectory=C:\Users\Olga\IdeaProjects\untitled25 -Djansi.passthrough=true -Dmaven.home=C:\Users\Olga\Pictures\IntelliJ IDEA Community Edition 2024.1.4\plugins\maven\lib\maven3 -Dclassworlds.conf=C:\Users\Olga\Pictures\IntelliJ IDEA Community Edition 2024.1.4\plugins\maven\lib\maven3\bin\m2.conf -Dmaven.ext.class.path=C:\Users\Olga\Pictures\IntelliJ IDEA Community Edition 2024.1.4\plugins\maven\lib\maven-event-listener.jar -javaagent:C:\Users\Olga\Pictures\IntelliJ IDEA Community Edition 2024.1.4\lib\idea_rt.jar=58868:C:\Users\Olga\Pictures\IntelliJ IDEA Community Edition 2024.1.4\bin -Dfile.encoding=UTF-8 
java_command: org.codehaus.classworlds.Launcher -Didea.version=2024.1.4 package
java_class_path (initial): C:\Users\Olga\Pictures\IntelliJ IDEA Community Edition 2024.1.4\plugins\maven\lib\maven3\boot\plexus-classworlds-2.7.0.jar;C:\Users\Olga\Pictures\IntelliJ IDEA Community Edition 2024.1.4\plugins\maven\lib\maven3\boot\plexus-classworlds.license
Launcher Type: SUN_STANDARD

[Global flags]
     intx CICompilerCount                          = 4                                         {product} {ergonomic}
     uint ConcGCThreads                            = 2                                         {product} {ergonomic}
     uint G1ConcRefinementThreads                  = 8                                         {product} {ergonomic}
   size_t G1HeapRegionSize                         = 1048576                                   {product} {ergonomic}
    uintx GCDrainStackTargetSize                   = 64                                        {product} {ergonomic}
   size_t InitialHeapSize                          = 132120576                                 {product} {ergonomic}
   size_t MarkStackSize                            = 4194304                                   {product} {ergonomic}
   size_t MaxHeapSize                              = 2095054848                                {product} {ergonomic}
   size_t MinHeapDeltaBytes                        = 1048576                                   {product} {ergonomic}
   size_t MinHeapSize                              = 8388608                                   {product} {ergonomic}
    uintx NonNMethodCodeHeapSize                   = 5839372                                {pd product} {ergonomic}
    uintx NonProfiledCodeHeapSize                  = 122909434                              {pd product} {ergonomic}
    uintx ProfiledCodeHeapSize                     = 122909434                              {pd product} {ergonomic}
    uintx ReservedCodeCacheSize                    = 251658240                              {pd product} {ergonomic}
     bool SegmentedCodeCache                       = true                                      {product} {ergonomic}
   size_t SoftMaxHeapSize                          = 2095054848                             {manageable} {ergonomic}
     bool UseCompressedClassPointers               = true                           {product lp64_product} {ergonomic}
     bool UseCompressedOops                        = true                           {product lp64_product} {ergonomic}
     bool UseG1GC                                  = true                                      {product} {ergonomic}
     bool UseLargePagesIndividualAllocation        = false                                  {pd product} {ergonomic}

Logging:
Log output configuration:
 #0: stdout all=warning uptime,level,tags
 #1: stderr all=off uptime,level,tags

Environment Variables:
PATH=C:\Program Files\Common Files\Oracle\Java\javapath;C:\Program Files (x86)\Common Files\Oracle\Java\java8path;C:\Program Files (x86)\Common Files\Oracle\Java\javapath;C:\Windows\system32;C:\Windows;C:\Windows\System32\Wbem;C:\Windows\System32\WindowsPowerShell\v1.0\;C:\Windows\System32\OpenSSH\;C:\Program Files\dotnet\;C:\Program Files (x86)\GtkSharp\2.12\bin;C:\Users\Olga\Music\lua-5.4.2_Win32_bin;search-ms:displayname=Search%20Results%20in%20Program%20Files%20(x86)&crumb=location:C%3A%5CProgram%20Files%20(x86)\lua;C:\Program Files (x86)\lua;C:\Program Files\nodejs\;C:\ProgramData\chocolatey\bin;C:\Program Files\Git\cmd;C:\Users\Olga\AppData\Local\Microsoft\WindowsApps;C:\Users\Olga\AppData\Local\Programs\Python\Python312\Scripts;search-ms:displayname=Search%20Results%20in%20Program%20Files&crumb=location:C%3A%5CProgram%20Files\PythonSoftwareFoundation.Python.3.11_3.11.2544.0_x64__qbz5n2kfra8p0;C:\php;C:\Program Files\JetBrains\IntelliJ IDEA Community Edition 2024.2.0.1\bin;C:\Program Files\JetBrains\PyCharm Community Edition 2024.1.4\bin;C:\Users\Olga\Music\lua-5.4.2_Win32_bin;C:\Users\Olga\.aftman\bin;C:\Users\Olga\AppData\Local\Muse Hub\lib;search-ms:displayname=Search%20Results%20in%20Program%20Files%20(x86)&crumb=location:C%3A%5CProgram%20Files%20(x86)\lua;C:\Users\Olga\AppData\Local\Muse Hub\lib;C:\Users\Olga\AppData\Local\Muse Hub\lib;C:\Program Files\JetBrains\CLion 2024.2.1\bin;;C:\Users\Olga\AppData\Roaming\npm;C:\Users\Olga\AppData\Local\Programs\Microsoft VS Code\bin;C:\Users\Olga\Pictures\IntelliJ IDEA Community Edition 2024.1.4\bin;
USERNAME=Olga
OS=Windows_NT
PROCESSOR_IDENTIFIER=Intel64 Family 6 Model 140 Stepping 1, GenuineIntel
TMP=C:\Users\Olga\AppData\Local\Temp
TEMP=C:\Users\Olga\AppData\Local\Temp



Periodic native trim disabled


---------------  S Y S T E M  ---------------

OS:
 Windows 10 , 64 bit Build 19041 (10.0.19041.4957)
OS uptime: 13 days 17:15 hours
Hyper-V role detected

CPU: total 8 (initial active 8) (4 cores per cpu, 2 threads per core) family 6 model 140 stepping 1 microcode 0x9a, cx8, cmov, fxsr, ht, mmx, 3dnowpref, sse, sse2, sse3, ssse3, sse4.1, sse4.2, popcnt, lzcnt, tsc, tscinvbit, avx, avx2, aes, erms, clmul, bmi1, bmi2, adx, avx512f, avx512dq, avx512cd, avx512bw, avx512vl, sha, fma, vzeroupper, avx512_vpopcntdq, avx512_vpclmulqdq, avx512_vaes, avx512_vnni, clflush, clflushopt, clwb, avx512_vbmi2, avx512_vbmi, hv
Processor Information for all 8 processors :
  Max Mhz: 2419, Current Mhz: 2419, Mhz Limit: 2419

Memory: 4k page, system-wide physical 7991M (246M free)
TotalPageFile size 32567M (AvailPageFile size 70M)
current process WorkingSet (physical memory assigned to process): 10M, peak: 10M
current process commit charge ("private bytes"): 60M, peak: 186M

vm_info: OpenJDK 64-Bit Server VM (17.0.12+7-LTS) for windows-amd64 JRE (17.0.12+7-LTS), built on Jul 10 2024 20:46:33 by "Administrator" with MS VC++ 16.10 / 16.11 (VS2019)

END.
